<?xml version="1.0" encoding="UTF-8"?>
<testng-results ignored="0" total="1" passed="1" failed="0" skipped="0">
  <reporter-output>
  </reporter-output>
  <suite started-at="2024-06-11T15:54:15 IST" name="Default suite" finished-at="2024-06-11T15:54:43 IST" duration-ms="28866">
    <groups>
    </groups>
    <test started-at="2024-06-11T15:54:15 IST" name="Default test" finished-at="2024-06-11T15:54:43 IST" duration-ms="28866">
      <class name="chakri.extentreports.ExtentReportDemo">
        <test-method is-config="true" signature="reportsw()[pri:0, instance:chakri.extentreports.ExtentReportDemo@2a265ea9]" started-at="2024-06-11T15:54:15 IST" name="reportsw" finished-at="2024-06-11T15:54:17 IST" duration-ms="2690" status="PASS">
          <reporter-output>
          </reporter-output>
        </test-method> <!-- reportsw -->
        <test-method signature="extentReportsDemo()[pri:0, instance:chakri.extentreports.ExtentReportDemo@2a265ea9]" started-at="2024-06-11T15:54:18 IST" name="extentReportsDemo" finished-at="2024-06-11T15:54:43 IST" duration-ms="25861" status="PASS">
          <reporter-output>
          </reporter-output>
        </test-method> <!-- extentReportsDemo -->
      </class> <!-- chakri.extentreports.ExtentReportDemo -->
    </test> <!-- Default test -->
  </suite> <!-- Default suite -->
</testng-results>
