<?xml version="1.0" encoding="UTF-8"?>
<testng-results ignored="0" total="1" passed="0" failed="1" skipped="0">
  <reporter-output>
  </reporter-output>
  <suite started-at="2024-06-21T18:31:45 IST" name="Default suite" finished-at="2024-06-21T18:31:57 IST" duration-ms="12171">
    <groups>
      <group name="cucumber">
        <method signature="AbstractTestNGCucumberTests.runScenario(io.cucumber.testng.PickleWrapper,io.cucumber.testng.FeatureWrapper)[pri:0, instance:cucumbers.CucumberRunner@6440112d]" name="runScenario" class="io.cucumber.testng.AbstractTestNGCucumberTests"/>
      </group> <!-- cucumber -->
    </groups>
    <test started-at="2024-06-21T18:31:45 IST" name="Default test" finished-at="2024-06-21T18:31:57 IST" duration-ms="12171">
      <class name="cucumbers.CucumberRunner">
        <test-method is-config="true" signature="setUpClass(org.testng.ITestContext)[pri:0, instance:cucumbers.CucumberRunner@6440112d]" started-at="2024-06-21T18:31:45 IST" name="setUpClass" finished-at="2024-06-21T18:31:46 IST" duration-ms="742" status="PASS">
          <params>
            <param index="0">
              <value>
                <![CDATA[org.testng.TestRunner@282ffbf5]]>
              </value>
            </param>
          </params>
          <reporter-output>
          </reporter-output>
        </test-method> <!-- setUpClass -->
        <test-method signature="runScenario(io.cucumber.testng.PickleWrapper,io.cucumber.testng.FeatureWrapper)[pri:0, instance:cucumbers.CucumberRunner@6440112d]" started-at="2024-06-21T18:31:46 IST" name="runScenario" description="Runs Cucumber Scenarios" data-provider="scenarios" finished-at="2024-06-21T18:31:57 IST" duration-ms="11319" status="FAIL">
          <params>
            <param index="0">
              <value>
                <![CDATA["Shopping application"]]>
              </value>
            </param>
            <param index="1">
              <value>
                <![CDATA["purchase the product from shopping application"]]>
              </value>
            </param>
          </params>
          <exception class="java.lang.NullPointerException">
            <message>
              <![CDATA[Cannot invoke "org.chakri.com.LogInPage.logInPage(String, String)" because "this.lip" is null]]>
            </message>
            <full-stacktrace>
              <![CDATA[java.lang.NullPointerException: Cannot invoke "org.chakri.com.LogInPage.logInPage(String, String)" because "this.lip" is null
at cucmbers.stepdefinition.StepdefinitionCucumber.login_in_an_application_with_username_and_password(StepdefinitionCucumber.java:29)
at ✽.login in an application with username chakri123@gmail.com and password Chakri@123(file:///C:/Users/chinni_chakravarthi/eclipse-workspace/seleniumdesignframeworks/src/test/java/cucumbers/cucumber.feature:11)
]]>
            </full-stacktrace>
          </exception> <!-- java.lang.NullPointerException -->
          <reporter-output>
          </reporter-output>
        </test-method> <!-- runScenario -->
        <test-method is-config="true" signature="tearDownClass()[pri:0, instance:cucumbers.CucumberRunner@6440112d]" started-at="2024-06-21T18:31:57 IST" name="tearDownClass" finished-at="2024-06-21T18:31:57 IST" duration-ms="50" status="PASS">
          <reporter-output>
          </reporter-output>
        </test-method> <!-- tearDownClass -->
      </class> <!-- cucumbers.CucumberRunner -->
    </test> <!-- Default test -->
  </suite> <!-- Default suite -->
</testng-results>
