<?xml version="1.0" encoding="UTF-8"?>
<!-- Generated by org.testng.reporters.JUnitXMLReporter -->
<testsuite ignored="1" hostname="PSL-42FZYP3" failures="0" tests="1" name="error validation test" time="11.783" errors="0" timestamp="2024-06-18T12:54:28 IST">
  <testcase classname="org.chakri.com.ErrorValidation" name="loginErrorTest" time="11.73"/>
  <testcase classname="org.chakri.com.ErrorValidation" name="submitOrderErrorTest" time="0.0">
    <ignored/>
  </testcase> <!-- submitOrderErrorTest -->
</testsuite> <!-- error validation test -->
