<?xml version="1.0" encoding="UTF-8"?>
<!-- Generated by org.testng.reporters.JUnitXMLReporter -->
<testsuite ignored="0" hostname="PSL-42FZYP3" failures="0" tests="10" name="Default test" time="0.07" errors="0" timestamp="2024-06-06T17:40:00 IST">
  <testcase classname="org.chakri.com.LokeshTest" name="lokeshHobbies" time="0.007"/>
  <testcase classname="org.chakri.com.LokeshTest" name="lokeshPersonalDetails" time="0.001"/>
  <testcase classname="org.chakri.com.RajuTest" name="rajuHobbies" time="0.001"/>
  <testcase classname="org.chakri.com.RajuTest" name="rajuPersonalDetails" time="0.0"/>
  <testcase classname="org.chakri.com.SaiTest" name="saiHobbies" time="0.001"/>
  <testcase classname="org.chakri.com.SaiTest" name="saiPersonalDetails" time="0.001"/>
  <testcase classname="org.chakri.com.SamTest" name="samHobbies" time="0.001"/>
  <testcase classname="org.chakri.com.SamTest" name="samPersonalDetails" time="0.001"/>
  <testcase classname="org.chakri.com.ChakriTest" name="chakriHobbies" time="0.0"/>
  <testcase classname="org.chakri.com.ChakriTest" name="chakriPersonalDetails" time="0.001"/>
</testsuite> <!-- Default test -->
