<?xml version="1.0" encoding="UTF-8"?>
<!-- Generated by org.testng.reporters.JUnitXMLReporter -->
<testsuite ignored="0" hostname="PSL-42FZYP3" failures="0" tests="10" name="test" time="0.098" errors="0" timestamp="2024-06-06T18:23:48 IST">
  <testcase classname="test.ChakriTest" name="chakriHobbies" time="0.009"/>
  <testcase classname="test.ChakriTest" name="chakriPersonalDetails" time="0.001"/>
  <testcase classname="test.LokeshTest" name="lokeshHobbies" time="0.001"/>
  <testcase classname="test.LokeshTest" name="lokeshPersonalDetails" time="0.002"/>
  <testcase classname="test.RajuTest" name="rajuHobbies" time="0.002"/>
  <testcase classname="test.RajuTest" name="rajuPersonalDetails" time="0.001"/>
  <testcase classname="test.SaiTest" name="saiHobbies" time="0.002"/>
  <testcase classname="test.SaiTest" name="saiPersonalDetails" time="0.001"/>
  <testcase classname="test.SamTest" name="samHobbies" time="0.001"/>
  <testcase classname="test.SamTest" name="samPersonalDetails" time="0.001"/>
</testsuite> <!-- test -->
