<?xml version="1.0" encoding="UTF-8"?>
<!-- Generated by org.testng.reporters.JUnitXMLReporter -->
<testsuite ignored="0" hostname="PSL-42FZYP3" failures="1" tests="1" name="Default test" time="12.171" errors="0" timestamp="2024-06-21T18:31:57 IST">
  <testcase classname="io.cucumber.testng.AbstractTestNGCucumberTests" name="runScenario" time="11.319">
    <failure type="java.lang.NullPointerException" message="Cannot invoke &amp;quot;org.chakri.com.LogInPage.logInPage(String, String)&amp;quot; because &amp;quot;this.lip&amp;quot; is null">
      <![CDATA[java.lang.NullPointerException: Cannot invoke "org.chakri.com.LogInPage.logInPage(String, String)" because "this.lip" is null
at cucmbers.stepdefinition.StepdefinitionCucumber.login_in_an_application_with_username_and_password(StepdefinitionCucumber.java:29)
at ✽.login in an application with username chakri123@gmail.com and password Chakri@123(file:///C:/Users/chinni_chakravarthi/eclipse-workspace/seleniumdesignframeworks/src/test/java/cucumbers/cucumber.feature:11)
]]>
    </failure>
  </testcase> <!-- runScenario -->
</testsuite> <!-- Default test -->
