<?xml version="1.0" encoding="UTF-8"?>
<!-- Generated by org.testng.reporters.JUnitReportReporter -->
<testsuite hostname="PSL-42FZYP3" failures="0" tests="1" name="cucumbers.CucumberRunner" time="11.319" errors="1" timestamp="2024-06-21T18:31:57 IST" skipped="0">
  <testcase classname="cucumbers.CucumberRunner" name="runScenario" time="11.319">
    <error message="Cannot invoke &quot;org.chakri.com.LogInPage.logInPage(String, String)&quot; because &quot;this.lip&quot; is null" type="java.lang.NullPointerException">
      <![CDATA[java.lang.NullPointerException: Cannot invoke "org.chakri.com.LogInPage.logInPage(String, String)" because "this.lip" is null
at cucmbers.stepdefinition.StepdefinitionCucumber.login_in_an_application_with_username_and_password(StepdefinitionCucumber.java:29)
at ✽.login in an application with username chakri123@gmail.com and password Chakri@123(file:///C:/Users/chinni_chakravarthi/eclipse-workspace/seleniumdesignframeworks/src/test/java/cucumbers/cucumber.feature:11)
]]>
    </error>
  </testcase> <!-- runScenario -->
</testsuite> <!-- cucumbers.CucumberRunner -->
